#
# There is insufficient memory for the Java Runtime Environment to continue.
# Native memory allocation (malloc) failed to allocate 32744 bytes for ChunkPool::allocate
# Possible reasons:
#   The system is out of physical RAM or swap space
#   In 32 bit mode, the process size limit was hit
# Possible solutions:
#   Reduce memory load on the system
#   Increase physical memory or swap space
#   Check if swap backing store is full
#   Use 64 bit Java on a 64 bit OS
#   Decrease Java heap size (-Xmx/-Xms)
#   Decrease number of Java threads
#   Decrease Java thread stack sizes (-Xss)
#   Set larger code cache with -XX:ReservedCodeCacheSize=
# This output file may be truncated or incomplete.
#
#  Out of Memory Error (allocation.cpp:273), pid=1724, tid=0x000000000000252c
#
# JRE version: Java(TM) SE Runtime Environment (8.0_121-b13) (build 1.8.0_121-b13)
# Java VM: Java HotSpot(TM) 64-Bit Server VM (25.121-b13 mixed mode windows-amd64 compressed oops)
# Failed to write core dump. Minidumps are not enabled by default on client versions of Windows
#

---------------  T H R E A D  ---------------

Current thread (0x0000000018026000):  JavaThread "C2 CompilerThread0" daemon [_thread_in_native, id=9516, stack(0x0000000019690000,0x0000000019790000)]

Stack: [0x0000000019690000,0x0000000019790000]
[error occurred during error reporting (printing stack bounds), id 0xc0000005]

Native frames: (J=compiled Java code, j=interpreted, Vv=VM code, C=native code)


Current CompileTask:
C2:  57338 5193  s    4       java.beans.MethodDescriptor::setParams (74 bytes)


---------------  P R O C E S S  ---------------

Java Threads: ( => current thread )
  0x000000001b92b800 JavaThread "http-nio-9999-exec-1" daemon [_thread_in_vm, id=8176, stack(0x0000000023da0000,0x0000000023ea0000)]
  0x000000001b928800 JavaThread "DiscoveryClient-1" daemon [_thread_blocked, id=896, stack(0x0000000023ca0000,0x0000000023da0000)]
  0x000000001b92a800 JavaThread "DiscoveryClient-CacheRefreshExecutor-0" daemon [_thread_blocked, id=7376, stack(0x0000000023ba0000,0x0000000023ca0000)]
  0x000000001b925800 JavaThread "RMI TCP Connection(idle)" daemon [_thread_blocked, id=9764, stack(0x00000000236a0000,0x00000000237a0000)]
  0x000000001b92a000 JavaThread "RMI TCP Connection(idle)" daemon [_thread_blocked, id=6552, stack(0x00000000235a0000,0x00000000236a0000)]
  0x000000001b927000 JavaThread "RMI TCP Connection(idle)" daemon [_thread_blocked, id=7884, stack(0x00000000233a0000,0x00000000234a0000)]
  0x000000001b927800 JavaThread "RMI TCP Connection(idle)" daemon [_thread_blocked, id=6748, stack(0x00000000231a0000,0x00000000232a0000)]
  0x000000001b921000 JavaThread "RMI TCP Connection(idle)" daemon [_thread_blocked, id=9288, stack(0x00000000230a0000,0x00000000231a0000)]
  0x000000001b926000 JavaThread "DestroyJavaVM" [_thread_blocked, id=7920, stack(0x00000000031a0000,0x00000000032a0000)]
  0x000000001b924800 JavaThread "http-nio-9999-AsyncTimeout" daemon [_thread_blocked, id=6936, stack(0x0000000022fa0000,0x00000000230a0000)]
  0x000000001b91d000 JavaThread "http-nio-9999-Acceptor-0" daemon [_thread_in_native, id=8440, stack(0x0000000022ea0000,0x0000000022fa0000)]
  0x000000001b920000 JavaThread "http-nio-9999-ClientPoller-1" daemon [_thread_in_native, id=7124, stack(0x0000000022da0000,0x0000000022ea0000)]
  0x000000001b924000 JavaThread "http-nio-9999-ClientPoller-0" daemon [_thread_in_native, id=10228, stack(0x0000000022ca0000,0x0000000022da0000)]
  0x000000001b923000 JavaThread "NioBlockingSelector.BlockPoller-1" daemon [_thread_in_native, id=1484, stack(0x0000000022ba0000,0x0000000022ca0000)]
  0x000000001b91f800 JavaThread "DiscoveryClient-0" daemon [_thread_blocked, id=1456, stack(0x0000000022aa0000,0x0000000022ba0000)]
  0x000000001b922800 JavaThread "AsyncResolver-bootstrap-0" daemon [_thread_blocked, id=3852, stack(0x00000000226a0000,0x00000000227a0000)]
  0x000000001b921800 JavaThread "Eureka-JerseyClient-Conn-Cleaner2" daemon [_thread_blocked, id=8304, stack(0x00000000224a0000,0x00000000225a0000)]
  0x000000001b91e000 JavaThread "Eureka-JerseyClient-Conn-Cleaner2" daemon [_thread_blocked, id=4600, stack(0x0000000020d40000,0x0000000020e40000)]
  0x000000001d9af800 JavaThread "spring.cloud.inetutils" daemon [_thread_blocked, id=1520, stack(0x0000000020c40000,0x0000000020d40000)]
  0x000000001d9ad000 JavaThread "container-0" [_thread_blocked, id=10160, stack(0x0000000020b40000,0x0000000020c40000)]
  0x000000001d9ae800 JavaThread "ContainerBackgroundProcessor[StandardEngine[Tomcat]]" daemon [_thread_blocked, id=7896, stack(0x0000000020a40000,0x0000000020b40000)]
  0x000000001b11f000 JavaThread "JMX server connection timeout 17" daemon [_thread_blocked, id=9352, stack(0x000000001c5d0000,0x000000001c6d0000)]
  0x000000001bc63000 JavaThread "RMI TCP Connection(idle)" daemon [_thread_blocked, id=9504, stack(0x000000001c4d0000,0x000000001c5d0000)]
  0x000000001b785000 JavaThread "RMI Scheduler(0)" daemon [_thread_blocked, id=7404, stack(0x000000001c3d0000,0x000000001c4d0000)]
  0x000000001a88d000 JavaThread "RMI TCP Connection(idle)" daemon [_thread_blocked, id=10180, stack(0x000000001c2d0000,0x000000001c3d0000)]
  0x000000001a70b800 JavaThread "RMI TCP Accept-0" daemon [_thread_in_native, id=928, stack(0x000000001abd0000,0x000000001acd0000)]
  0x000000001a6f9800 JavaThread "RMI TCP Accept-65469" daemon [_thread_in_native, id=8212, stack(0x000000001aad0000,0x000000001abd0000)]
  0x000000001a6d5800 JavaThread "RMI TCP Accept-0" daemon [_thread_in_native, id=9852, stack(0x000000001a9d0000,0x000000001aad0000)]
  0x00000000199bd000 JavaThread "Service Thread" daemon [_thread_blocked, id=5960, stack(0x0000000019d90000,0x0000000019e90000)]
  0x0000000018030800 JavaThread "C1 CompilerThread2" daemon [_thread_blocked, id=4792, stack(0x0000000019890000,0x0000000019990000)]
  0x0000000018027800 JavaThread "C2 CompilerThread1" daemon [_thread_in_native, id=8036, stack(0x0000000019790000,0x0000000019890000)]
=>0x0000000018026000 JavaThread "C2 CompilerThread0" daemon [_thread_in_native, id=9516, stack(0x0000000019690000,0x0000000019790000)]
  0x0000000018024800 JavaThread "Attach Listener" daemon [_thread_blocked, id=8136, stack(0x0000000019590000,0x0000000019690000)]
  0x0000000018023800 JavaThread "Signal Dispatcher" daemon [_thread_blocked, id=5856, stack(0x0000000019490000,0x0000000019590000)]
  0x000000001800c800 JavaThread "Finalizer" daemon [_thread_blocked, id=5752, stack(0x00000000192a0000,0x00000000193a0000)]
  0x0000000017fe9000 JavaThread "Reference Handler" daemon [_thread_blocked, id=3736, stack(0x00000000191a0000,0x00000000192a0000)]

Other Threads:
  0x0000000017fe7800 VMThread [stack: 0x00000000190a0000,0x00000000191a0000] [id=1704]
  0x000000001a715000 WatcherThread [stack: 0x000000001acd0000,0x000000001add0000] [id=5244]

VM state:not at safepoint (normal execution)

VM Mutex/Monitor currently owned by a thread: None

Heap:
 PSYoungGen      total 197632K, used 151816K [0x00000000d5580000, 0x00000000e2d80000, 0x0000000100000000)
  eden space 188416K, 76% used [0x00000000d5580000,0x00000000de2853e8,0x00000000e0d80000)
  from space 9216K, 80% used [0x00000000e2480000,0x00000000e2bbcce8,0x00000000e2d80000)
  to   space 16384K, 0% used [0x00000000e0d80000,0x00000000e0d80000,0x00000000e1d80000)
 ParOldGen       total 105984K, used 25321K [0x0000000080000000, 0x0000000086780000, 0x00000000d5580000)
  object space 105984K, 23% used [0x0000000080000000,0x00000000818ba6a8,0x0000000086780000)
 Metaspace       used 44060K, capacity 44812K, committed 45056K, reserved 1089536K
  class space    used 5613K, capacity 5781K, committed 5888K, reserved 1048576K

Card table byte_map: [0x00000000127c0000,0x0000000012bd0000] byte_map_base: 0x00000000123c0000

Marking Bits: (ParMarkBitMap*) 0x000000005991b6d0
 Begin Bits: [0x0000000013280000, 0x0000000015280000)
 End Bits:   [0x0000000015280000, 0x0000000017280000)

Polling page: 0x0000000000ff0000

CodeCache: size=245760Kb used=17401Kb max_used=17510Kb free=228358Kb
 bounds [0x0000000003400000, 0x0000000004550000, 0x0000000012400000]
 total_blobs=4927 nmethods=4456 adapters=383
 compilation: enabled

Compilation events (10 events):
Event: 57.286 Thread 0x0000000018030800 nmethod 5188 0x0000000003c04010 code [0x0000000003c04180, 0x0000000003c043d0]
Event: 57.286 Thread 0x0000000018030800 5189       3       java.lang.Long::getChars (221 bytes)
Event: 57.286 Thread 0x0000000018030800 nmethod 5189 0x0000000003b47390 code [0x0000000003b47560, 0x0000000003b47bd0]
Event: 57.290 Thread 0x0000000018030800 5190       3       sun.util.calendar.BaseCalendar::getFixedDate (324 bytes)
Event: 57.291 Thread 0x0000000018030800 nmethod 5190 0x0000000003b4ff50 code [0x0000000003b50200, 0x0000000003b51ba8]
Event: 57.303 Thread 0x0000000018026000 5191   !   4       java.net.URLClassLoader::findClass (47 bytes)
Event: 57.305 Thread 0x0000000018026000 nmethod 5191 0x00000000044cd4d0 code [0x00000000044cd660, 0x00000000044cd858]
Event: 57.312 Thread 0x0000000018030800 5192       3       ch.qos.logback.core.pattern.SpacePadder::spacePad (53 bytes)
Event: 57.312 Thread 0x0000000018030800 nmethod 5192 0x000000000354b910 code [0x000000000354bac0, 0x000000000354c058]
Event: 57.319 Thread 0x0000000018026000 5193  s    4       java.beans.MethodDescriptor::setParams (74 bytes)

GC Heap History (10 events):
Event: 3.525 GC heap before
{Heap before GC invocations=8 (full 1):
 PSYoungGen      total 112640K, used 105101K [0x00000000d5580000, 0x00000000dcf80000, 0x0000000100000000)
  eden space 101376K, 100% used [0x00000000d5580000,0x00000000db880000,0x00000000db880000)
  from space 11264K, 33% used [0x00000000dc380000,0x00000000dc7236b8,0x00000000dce80000)
  to   space 11264K, 0% used [0x00000000db880000,0x00000000db880000,0x00000000dc380000)
 ParOldGen       total 63488K, used 10143K [0x0000000080000000, 0x0000000083e00000, 0x00000000d5580000)
  object space 63488K, 15% used [0x0000000080000000,0x00000000809e7c48,0x0000000083e00000)
 Metaspace       used 25780K, capacity 26122K, committed 26240K, reserved 1073152K
  class space    used 3266K, capacity 3380K, committed 3456K, reserved 1048576K
Event: 3.537 GC heap after
Heap after GC invocations=8 (full 1):
 PSYoungGen      total 112640K, used 6982K [0x00000000d5580000, 0x00000000e0180000, 0x0000000100000000)
  eden space 101376K, 0% used [0x00000000d5580000,0x00000000d5580000,0x00000000db880000)
  from space 11264K, 61% used [0x00000000db880000,0x00000000dbf51aa8,0x00000000dc380000)
  to   space 10752K, 0% used [0x00000000df700000,0x00000000df700000,0x00000000e0180000)
 ParOldGen       total 63488K, used 10143K [0x0000000080000000, 0x0000000083e00000, 0x00000000d5580000)
  object space 63488K, 15% used [0x0000000080000000,0x00000000809e7c48,0x0000000083e00000)
 Metaspace       used 25780K, capacity 26122K, committed 26240K, reserved 1073152K
  class space    used 3266K, capacity 3380K, committed 3456K, reserved 1048576K
}
Event: 5.222 GC heap before
{Heap before GC invocations=9 (full 1):
 PSYoungGen      total 112640K, used 108358K [0x00000000d5580000, 0x00000000e0180000, 0x0000000100000000)
  eden space 101376K, 100% used [0x00000000d5580000,0x00000000db880000,0x00000000db880000)
  from space 11264K, 61% used [0x00000000db880000,0x00000000dbf51aa8,0x00000000dc380000)
  to   space 10752K, 0% used [0x00000000df700000,0x00000000df700000,0x00000000e0180000)
 ParOldGen       total 63488K, used 10143K [0x0000000080000000, 0x0000000083e00000, 0x00000000d5580000)
  object space 63488K, 15% used [0x0000000080000000,0x00000000809e7c48,0x0000000083e00000)
 Metaspace       used 31885K, capacity 32338K, committed 32640K, reserved 1077248K
  class space    used 3976K, capacity 4111K, committed 4224K, reserved 1048576K
Event: 5.238 GC heap after
Heap after GC invocations=9 (full 1):
 PSYoungGen      total 161280K, used 10728K [0x00000000d5580000, 0x00000000e0280000, 0x0000000100000000)
  eden space 150528K, 0% used [0x00000000d5580000,0x00000000d5580000,0x00000000de880000)
  from space 10752K, 99% used [0x00000000df700000,0x00000000e017a3d8,0x00000000e0180000)
  to   space 13312K, 0% used [0x00000000de880000,0x00000000de880000,0x00000000df580000)
 ParOldGen       total 63488K, used 12660K [0x0000000080000000, 0x0000000083e00000, 0x00000000d5580000)
  object space 63488K, 19% used [0x0000000080000000,0x0000000080c5d318,0x0000000083e00000)
 Metaspace       used 31885K, capacity 32338K, committed 32640K, reserved 1077248K
  class space    used 3976K, capacity 4111K, committed 4224K, reserved 1048576K
}
Event: 6.563 GC heap before
{Heap before GC invocations=10 (full 1):
 PSYoungGen      total 161280K, used 145110K [0x00000000d5580000, 0x00000000e0280000, 0x0000000100000000)
  eden space 150528K, 89% used [0x00000000d5580000,0x00000000dd8bb528,0x00000000de880000)
  from space 10752K, 99% used [0x00000000df700000,0x00000000e017a3d8,0x00000000e0180000)
  to   space 13312K, 0% used [0x00000000de880000,0x00000000de880000,0x00000000df580000)
 ParOldGen       total 63488K, used 12660K [0x0000000080000000, 0x0000000083e00000, 0x00000000d5580000)
  object space 63488K, 19% used [0x0000000080000000,0x0000000080c5d318,0x0000000083e00000)
 Metaspace       used 34742K, capacity 35210K, committed 35416K, reserved 1081344K
  class space    used 4356K, capacity 4515K, committed 4608K, reserved 1048576K
Event: 6.589 GC heap after
Heap after GC invocations=10 (full 1):
 PSYoungGen      total 163840K, used 13284K [0x00000000d5580000, 0x00000000e3500000, 0x0000000100000000)
  eden space 150528K, 0% used [0x00000000d5580000,0x00000000d5580000,0x00000000de880000)
  from space 13312K, 99% used [0x00000000de880000,0x00000000df579050,0x00000000df580000)
  to   space 16896K, 0% used [0x00000000e2480000,0x00000000e2480000,0x00000000e3500000)
 ParOldGen       total 63488K, used 16975K [0x0000000080000000, 0x0000000083e00000, 0x00000000d5580000)
  object space 63488K, 26% used [0x0000000080000000,0x0000000081093d28,0x0000000083e00000)
 Metaspace       used 34742K, capacity 35210K, committed 35416K, reserved 1081344K
  class space    used 4356K, capacity 4515K, committed 4608K, reserved 1048576K
}
Event: 6.589 GC heap before
{Heap before GC invocations=11 (full 2):
 PSYoungGen      total 163840K, used 13284K [0x00000000d5580000, 0x00000000e3500000, 0x0000000100000000)
  eden space 150528K, 0% used [0x00000000d5580000,0x00000000d5580000,0x00000000de880000)
  from space 13312K, 99% used [0x00000000de880000,0x00000000df579050,0x00000000df580000)
  to   space 16896K, 0% used [0x00000000e2480000,0x00000000e2480000,0x00000000e3500000)
 ParOldGen       total 63488K, used 16975K [0x0000000080000000, 0x0000000083e00000, 0x00000000d5580000)
  object space 63488K, 26% used [0x0000000080000000,0x0000000081093d28,0x0000000083e00000)
 Metaspace       used 34742K, capacity 35210K, committed 35416K, reserved 1081344K
  class space    used 4356K, capacity 4515K, committed 4608K, reserved 1048576K
Event: 6.720 GC heap after
Heap after GC invocations=11 (full 2):
 PSYoungGen      total 163840K, used 0K [0x00000000d5580000, 0x00000000e3500000, 0x0000000100000000)
  eden space 150528K, 0% used [0x00000000d5580000,0x00000000d5580000,0x00000000de880000)
  from space 13312K, 0% used [0x00000000de880000,0x00000000de880000,0x00000000df580000)
  to   space 16896K, 0% used [0x00000000e2480000,0x00000000e2480000,0x00000000e3500000)
 ParOldGen       total 105984K, used 25313K [0x0000000080000000, 0x0000000086780000, 0x00000000d5580000)
  object space 105984K, 23% used [0x0000000080000000,0x00000000818b86a8,0x0000000086780000)
 Metaspace       used 34742K, capacity 35210K, committed 35416K, reserved 1081344K
  class space    used 4356K, capacity 4515K, committed 4608K, reserved 1048576K
}
Event: 8.088 GC heap before
{Heap before GC invocations=12 (full 2):
 PSYoungGen      total 163840K, used 150528K [0x00000000d5580000, 0x00000000e3500000, 0x0000000100000000)
  eden space 150528K, 100% used [0x00000000d5580000,0x00000000de880000,0x00000000de880000)
  from space 13312K, 0% used [0x00000000de880000,0x00000000de880000,0x00000000df580000)
  to   space 16896K, 0% used [0x00000000e2480000,0x00000000e2480000,0x00000000e3500000)
 ParOldGen       total 105984K, used 25313K [0x0000000080000000, 0x0000000086780000, 0x00000000d5580000)
  object space 105984K, 23% used [0x0000000080000000,0x00000000818b86a8,0x0000000086780000)
 Metaspace       used 37323K, capacity 37964K, committed 38272K, reserved 1083392K
  class space    used 4686K, capacity 4878K, committed 4992K, reserved 1048576K
Event: 8.107 GC heap after
Heap after GC invocations=12 (full 2):
 PSYoungGen      total 197632K, used 7411K [0x00000000d5580000, 0x00000000e2d80000, 0x0000000100000000)
  eden space 188416K, 0% used [0x00000000d5580000,0x00000000d5580000,0x00000000e0d80000)
  from space 9216K, 80% used [0x00000000e2480000,0x00000000e2bbcce8,0x00000000e2d80000)
  to   space 16384K, 0% used [0x00000000e0d80000,0x00000000e0d80000,0x00000000e1d80000)
 ParOldGen       total 105984K, used 25321K [0x0000000080000000, 0x0000000086780000, 0x00000000d5580000)
  object space 105984K, 23% used [0x0000000080000000,0x00000000818ba6a8,0x0000000086780000)
 Metaspace       used 37323K, capacity 37964K, committed 38272K, reserved 1083392K
  class space    used 4686K, capacity 4878K, committed 4992K, reserved 1048576K
}

Deoptimization events (10 events):
Event: 10.092 Thread 0x0000000003307000 Uncommon trap: reason=bimorphic action=maybe_recompile pc=0x0000000004133398 method=java.util.regex.Pattern$Curly.match0(Ljava/util/regex/Matcher;IILjava/lang/CharSequence;)Z @ 170
Event: 10.092 Thread 0x0000000003307000 Uncommon trap: reason=bimorphic action=maybe_recompile pc=0x0000000004133398 method=java.util.regex.Pattern$Curly.match0(Ljava/util/regex/Matcher;IILjava/lang/CharSequence;)Z @ 170
Event: 10.092 Thread 0x0000000003307000 Uncommon trap: reason=bimorphic action=maybe_recompile pc=0x0000000004133398 method=java.util.regex.Pattern$Curly.match0(Ljava/util/regex/Matcher;IILjava/lang/CharSequence;)Z @ 170
Event: 10.471 Thread 0x000000001bc63000 Uncommon trap: reason=bimorphic action=maybe_recompile pc=0x0000000003a4cdec method=java.lang.ClassLoader.loadClass(Ljava/lang/String;Z)Ljava/lang/Class; @ 2
Event: 10.472 Thread 0x000000001bc63000 Uncommon trap: reason=unstable_if action=reinterpret pc=0x00000000038c8140 method=java.lang.ClassLoader.getClassLoadingLock(Ljava/lang/String;)Ljava/lang/Object; @ 6
Event: 10.472 Thread 0x000000001bc63000 Uncommon trap: reason=bimorphic action=maybe_recompile pc=0x0000000003a4cdec method=java.lang.ClassLoader.loadClass(Ljava/lang/String;Z)Ljava/lang/Class; @ 2
Event: 10.472 Thread 0x000000001bc63000 Uncommon trap: reason=bimorphic action=maybe_recompile pc=0x0000000003a4cdec method=java.lang.ClassLoader.loadClass(Ljava/lang/String;Z)Ljava/lang/Class; @ 2
Event: 10.484 Thread 0x000000001bc63000 Uncommon trap: reason=bimorphic action=maybe_recompile pc=0x0000000003a4cdec method=java.lang.ClassLoader.loadClass(Ljava/lang/String;Z)Ljava/lang/Class; @ 2
Event: 39.871 Thread 0x000000001b92a800 Uncommon trap: reason=unstable_if action=reinterpret pc=0x0000000004122114 method=java.lang.CharacterDataLatin1.digit(II)I @ 82
Event: 39.875 Thread 0x000000001b92a800 Uncommon trap: reason=bimorphic action=maybe_recompile pc=0x00000000041b3df4 method=java.util.zip.InflaterInputStream.read([BII)I @ 100

Internal exceptions (10 events):
Event: 9.980 Thread 0x0000000003307000 Exception <a 'java/lang/ClassNotFoundException': org/springframework/boot/actuate/endpoint/jmx/DataEndpointMBeanCustomizer> (0x00000000dc5f0490) thrown at [C:\re\workspace\8-2-build-windows-amd64-cygwin\jdk8u121\8372\hotspot\src\share\vm\classfile\systemD
Event: 9.987 Thread 0x0000000003307000 Exception <a 'java/lang/ClassNotFoundException': java/lang/ObjectCustomizer> (0x00000000dc624090) thrown at [C:\re\workspace\8-2-build-windows-amd64-cygwin\jdk8u121\8372\hotspot\src\share\vm\classfile\systemDictionary.cpp, line 210]
Event: 9.988 Thread 0x0000000003307000 Exception <a 'java/lang/ClassNotFoundException': org/springframework/boot/actuate/endpoint/jmx/EndpointMBeanCustomizer> (0x00000000dc647ff8) thrown at [C:\re\workspace\8-2-build-windows-amd64-cygwin\jdk8u121\8372\hotspot\src\share\vm\classfile\systemDicti
Event: 57.314 Thread 0x000000001b92b800 Exception <a 'java/lang/ClassNotFoundException': java/lang/ObjectCustomizer> (0x00000000de17f040) thrown at [C:\re\workspace\8-2-build-windows-amd64-cygwin\jdk8u121\8372\hotspot\src\share\vm\classfile\systemDictionary.cpp, line 210]
Event: 57.316 Thread 0x000000001b92b800 Exception <a 'java/lang/ClassNotFoundException': org/springframework/web/servlet/i18n/AcceptHeaderLocaleResolverCustomizer> (0x00000000de1a5cf0) thrown at [C:\re\workspace\8-2-build-windows-amd64-cygwin\jdk8u121\8372\hotspot\src\share\vm\classfile\systemD
Event: 57.317 Thread 0x000000001b92b800 Exception <a 'java/lang/ClassNotFoundException': org/springframework/web/servlet/LocaleResolverCustomizer> (0x00000000de1cdf78) thrown at [C:\re\workspace\8-2-build-windows-amd64-cygwin\jdk8u121\8372\hotspot\src\share\vm\classfile\systemDictionary.cpp, li
Event: 57.319 Thread 0x000000001b92b800 Exception <a 'java/lang/ClassNotFoundException': java/lang/ObjectCustomizer> (0x00000000de1e8d08) thrown at [C:\re\workspace\8-2-build-windows-amd64-cygwin\jdk8u121\8372\hotspot\src\share\vm\classfile\systemDictionary.cpp, line 210]
Event: 57.320 Thread 0x000000001b92b800 Exception <a 'java/lang/ClassNotFoundException': org/springframework/web/servlet/theme/AbstractThemeResolverCustomizer> (0x00000000de20ebd8) thrown at [C:\re\workspace\8-2-build-windows-amd64-cygwin\jdk8u121\8372\hotspot\src\share\vm\classfile\systemDicti
Event: 57.321 Thread 0x000000001b92b800 Exception <a 'java/lang/ClassNotFoundException': org/springframework/web/servlet/theme/FixedThemeResolverCustomizer> (0x00000000de232f00) thrown at [C:\re\workspace\8-2-build-windows-amd64-cygwin\jdk8u121\8372\hotspot\src\share\vm\classfile\systemDictiona
Event: 57.322 Thread 0x000000001b92b800 Exception <a 'java/lang/ClassNotFoundException': org/springframework/web/servlet/ThemeResolverCustomizer> (0x00000000de253958) thrown at [C:\re\workspace\8-2-build-windows-amd64-cygwin\jdk8u121\8372\hotspot\src\share\vm\classfile\systemDictionary.cpp, lin

Events (10 events):
Event: 57.320 loading class org/springframework/web/servlet/theme/FixedThemeResolverCustomizer
Event: 57.320 loading class org/springframework/web/servlet/theme/FixedThemeResolverCustomizer done
Event: 57.321 loading class org/springframework/web/servlet/theme/FixedThemeResolverCustomizer
Event: 57.321 loading class org/springframework/web/servlet/theme/FixedThemeResolverCustomizer done
Event: 57.321 loading class org/springframework/web/servlet/ThemeResolverCustomizer
Event: 57.321 loading class org/springframework/web/servlet/ThemeResolverCustomizer done
Event: 57.322 loading class org/springframework/web/servlet/ThemeResolverCustomizer
Event: 57.322 loading class org/springframework/web/servlet/ThemeResolverCustomizer done
Event: 57.322 loading class org/springframework/web/servlet/ThemeResolverCustomizer
Event: 57.322 loading class org/springframework/web/servlet/ThemeResolverCustomizer done


Dynamic libraries:
0x00007ff694230000 - 0x00007ff694267000 	C:\Program Files\Java\jre1.8.0_121\bin\javaw.exe
0x00007ff80bfa0000 - 0x00007ff80c171000 	C:\Windows\SYSTEM32\ntdll.dll
0x00007ff80a170000 - 0x00007ff80a21b000 	C:\Windows\System32\KERNEL32.DLL
0x00007ff808ac0000 - 0x00007ff808cdd000 	C:\Windows\System32\KERNELBASE.dll
0x00007ff809630000 - 0x00007ff8096d2000 	C:\Windows\System32\ADVAPI32.dll
0x00007ff809af0000 - 0x00007ff809b8e000 	C:\Windows\System32\msvcrt.dll
0x00007ff80a600000 - 0x00007ff80a659000 	C:\Windows\System32\sechost.dll
0x00007ff80a4b0000 - 0x00007ff80a5d1000 	C:\Windows\System32\RPCRT4.dll
0x00007ff8098c0000 - 0x00007ff809a25000 	C:\Windows\System32\USER32.dll
0x00007ff8084f0000 - 0x00007ff80850e000 	C:\Windows\System32\win32u.dll
0x00007ff80a360000 - 0x00007ff80a394000 	C:\Windows\System32\GDI32.dll
0x00007ff8086e0000 - 0x00007ff808862000 	C:\Windows\System32\gdi32full.dll
0x00007ff800180000 - 0x00007ff8003fa000 	C:\Windows\WinSxS\amd64_microsoft.windows.common-controls_6595b64144ccf1df_6.0.14393.953_none_42151e83c686086b\COMCTL32.dll
0x00007ff809e90000 - 0x00007ff80a158000 	C:\Windows\System32\combase.dll
0x00007ff808870000 - 0x00007ff808965000 	C:\Windows\System32\ucrtbase.dll
0x00007ff8093c0000 - 0x00007ff80942a000 	C:\Windows\System32\bcryptPrimitives.dll
0x00007ff80a3b0000 - 0x00007ff80a3de000 	C:\Windows\System32\IMM32.DLL
0x00000000599a0000 - 0x0000000059a72000 	C:\Program Files\Java\jre1.8.0_121\bin\msvcr100.dll
0x0000000059100000 - 0x000000005999b000 	C:\Program Files\Java\jre1.8.0_121\bin\server\jvm.dll
0x00007ff80a3a0000 - 0x00007ff80a3a8000 	C:\Windows\System32\PSAPI.DLL
0x00007ff800ac0000 - 0x00007ff800ac9000 	C:\Windows\SYSTEM32\WSOCK32.dll
0x00007ff8068b0000 - 0x00007ff8068d3000 	C:\Windows\SYSTEM32\WINMM.dll
0x00007ff803e80000 - 0x00007ff803e8a000 	C:\Windows\SYSTEM32\VERSION.dll
0x00007ff80a440000 - 0x00007ff80a4aa000 	C:\Windows\System32\WS2_32.dll
0x00007ff806850000 - 0x00007ff80687b000 	C:\Windows\SYSTEM32\WINMMBASE.dll
0x00007ff809430000 - 0x00007ff809472000 	C:\Windows\System32\cfgmgr32.dll
0x00000000590f0000 - 0x00000000590ff000 	C:\Program Files\Java\jre1.8.0_121\bin\verify.dll
0x00000000590c0000 - 0x00000000590e9000 	C:\Program Files\Java\jre1.8.0_121\bin\java.dll
0x00000000590a0000 - 0x00000000590b6000 	C:\Program Files\Java\jre1.8.0_121\bin\zip.dll
0x00007ff80a660000 - 0x00007ff80bb68000 	C:\Windows\System32\SHELL32.dll
0x00007ff808ce0000 - 0x00007ff8093ba000 	C:\Windows\System32\windows.storage.dll
0x00007ff808400000 - 0x00007ff80844c000 	C:\Windows\System32\powrprof.dll
0x00007ff8095d0000 - 0x00007ff809622000 	C:\Windows\System32\shlwapi.dll
0x00007ff808480000 - 0x00007ff80848f000 	C:\Windows\System32\kernel.appcore.dll
0x00007ff809480000 - 0x00007ff809529000 	C:\Windows\System32\shcore.dll
0x00007ff808450000 - 0x00007ff808464000 	C:\Windows\System32\profapi.dll
0x0000000059010000 - 0x000000005901d000 	C:\Program Files\Java\jre1.8.0_121\bin\management.dll
0x0000000059080000 - 0x000000005909a000 	C:\Program Files\Java\jre1.8.0_121\bin\net.dll
0x00007ff807cd0000 - 0x00007ff807d2c000 	C:\Windows\system32\mswsock.dll
0x0000000059060000 - 0x0000000059071000 	C:\Program Files\Java\jre1.8.0_121\bin\nio.dll
0x00007ffffd410000 - 0x00007ffffd426000 	C:\Windows\system32\napinsp.dll
0x00007ffffd390000 - 0x00007ffffd3aa000 	C:\Windows\system32\pnrpnsp.dll
0x00007ff8060c0000 - 0x00007ff8060d8000 	C:\Windows\system32\NLAapi.dll
0x00007ff807a90000 - 0x00007ff807b31000 	C:\Windows\SYSTEM32\DNSAPI.dll
0x00007ff80a160000 - 0x00007ff80a168000 	C:\Windows\System32\NSI.dll
0x00007ff807a50000 - 0x00007ff807a88000 	C:\Windows\SYSTEM32\IPHLPAPI.DLL
0x00007ffffd380000 - 0x00007ffffd38e000 	C:\Windows\System32\winrnr.dll
0x00007ff803220000 - 0x00007ff80322a000 	C:\Windows\System32\rasadhlp.dll
0x00007ff803c90000 - 0x00007ff803cfa000 	C:\Windows\System32\fwpuclnt.dll
0x00007ff808340000 - 0x00007ff80836b000 	C:\Windows\SYSTEM32\bcrypt.dll
0x00007ff807e70000 - 0x00007ff807e87000 	C:\Windows\SYSTEM32\CRYPTSP.dll
0x00007ff8078d0000 - 0x00007ff807903000 	C:\Windows\system32\rsaenh.dll
0x00007ff807b50000 - 0x00007ff807b6f000 	C:\Windows\SYSTEM32\USERENV.dll
0x00007ff807e90000 - 0x00007ff807e9b000 	C:\Windows\SYSTEM32\CRYPTBASE.dll
0x00007ff803fc0000 - 0x00007ff803fd6000 	C:\Windows\SYSTEM32\dhcpcsvc6.DLL
0x00007ff803fa0000 - 0x00007ff803fba000 	C:\Windows\SYSTEM32\dhcpcsvc.DLL
0x0000000059030000 - 0x0000000059054000 	C:\Program Files\Java\jre1.8.0_121\bin\sunec.dll

VM Arguments:
jvm_args: -Dcom.sun.management.jmxremote -Dcom.sun.management.jmxremote.port=65469 -Dcom.sun.management.jmxremote.authenticate=false -Dcom.sun.management.jmxremote.ssl=false -Djava.rmi.server.hostname=localhost -Dspring.liveBeansView.mbeanDomain -Dspring.application.admin.enabled=true -Dfile.encoding=UTF-8 
java_command: rs.uns.acs.ftn.CloudDashboard.CloudDashboardApplication --spring.output.ansi.enabled=always
java_class_path (initial): C:\Users\brankoterzic\Desktop\microservices\SMPOUS\CloudDashboard\target\classes;C:\Users\brankoterzic\.m2\repository\com\github\vanroy\spring-cloud-dashboard\1.0.0.RELEASE\spring-cloud-dashboard-1.0.0.RELEASE.jar;C:\Users\brankoterzic\.m2\repository\org\springframework\boot\spring-boot-starter-web\1.4.2.RELEASE\spring-boot-starter-web-1.4.2.RELEASE.jar;C:\Users\brankoterzic\.m2\repository\org\springframework\boot\spring-boot-starter-tomcat\1.4.2.RELEASE\spring-boot-starter-tomcat-1.4.2.RELEASE.jar;C:\Users\brankoterzic\.m2\repository\org\apache\tomcat\embed\tomcat-embed-core\8.5.6\tomcat-embed-core-8.5.6.jar;C:\Users\brankoterzic\.m2\repository\org\apache\tomcat\embed\tomcat-embed-el\8.5.6\tomcat-embed-el-8.5.6.jar;C:\Users\brankoterzic\.m2\repository\org\apache\tomcat\embed\tomcat-embed-websocket\8.5.6\tomcat-embed-websocket-8.5.6.jar;C:\Users\brankoterzic\.m2\repository\org\hibernate\hibernate-validator\5.2.4.Final\hibernate-validator-5.2.4.Final.jar;C:\Users\brankoterzic\.m2\repository\javax\validation\validation-api\1.1.0.Final\validation-api-1.1.0.Final.jar;C:\Users\brankoterzic\.m2\repository\org\jboss\logging\jboss-logging\3.3.0.Final\jboss-logging-3.3.0.Final.jar;C:\Users\brankoterzic\.m2\repository\com\fasterxml\classmate\1.3.3\classmate-1.3.3.jar;C:\Users\brankoterzic\.m2\repository\com\fasterxml\jackson\core\jackson-databind\2.8.4\jackson-databind-2.8.4.jar;C:\Users\brankoterzic\.m2\repository\org\springframework\spring-web\4.3.4.RELEASE\spring-web-4.3.4.RELEASE.jar;C:\Users\brankoterzic\.m2\repository\org\springframework\spring-aop\4.3.4.RELEASE\spring-aop-4.3.4.RELEASE.jar;C:\Users\brankoterzic\.m2\repository\org\springframework\spring-beans\4.3.4.RELEASE\spring-beans-4.3.4.RELEASE.jar;C:\Users\brankoterzic\.m2\repository\org\springframework\spring-webmvc\4.3.4.RELEASE\spring-webmvc-4.3.4.RELEASE.jar;C:\Users\brankoterzic\.m2\repository\org\springframework\spring-expression\4.3.4.RELEASE\spring-expression-4.3.4.RELEASE.jar;
Launcher Type: SUN_STANDARD

Environment Variables:
JAVA_HOME=C:\Program Files\Java\jdk1.8.0_121
PATH=C:\oraclexe\app\oracle\product\11.2.0\server\bin;C:\ProgramData\Oracle\Java\javapath;C:\Windows\system32;C:\Windows;C:\Windows\System32\Wbem;C:\Windows\System32\WindowsPowerShell\v1.0\;C:\Program Files\Git\cmd;C:\Users\brankoterzic\Desktop\gradle-3.4.1-all\gradle-3.4.1\bin;C:\Users\brankoterzic\AppData\Local\Android\Sdk;C:\Program Files\apache-maven-3.5.0-bin\apache-maven-3.5.0\bin;C:\Program Files\MongoDB\Server\3.4\bin;C:\Users\brankoterzic\AppData\Local\Microsoft\WindowsApps;
USERNAME=brankoterzic
OS=Windows_NT
PROCESSOR_IDENTIFIER=Intel64 Family 6 Model 70 Stepping 1, GenuineIntel



---------------  S Y S T E M  ---------------

OS: Windows 10.0 , 64 bit Build 14393 (10.0.14393.0)

CPU:total 4 (4 cores per cpu, 1 threads per core) family 6 model 70 stepping 1, cmov, cx8, fxsr, mmx, sse, sse2, sse3, ssse3, sse4.1, sse4.2, popcnt, avx, aes, clmul, lzcnt, tsc, tscinvbit

Memory: 4k page, physical 8388148k(1371672k free), swap 15077680k(4216k free)

vm_info: Java HotSpot(TM) 64-Bit Server VM (25.121-b13) for windows-amd64 JRE (1.8.0_121-b13), built on Dec 12 2016 18:21:36 by "java_re" with MS VC++ 10.0 (VS2010)

time: Fri Apr 21 16:36:20 2017
elapsed time: 57 seconds (0d 0h 0m 57s)

